{"level":"info","message":"Connected to redis","timestamp":"2026-07-05T18:10:24.580Z"}
{"level":"info","message":"Server started on port 3002","timestamp":"2026-07-05T18:10:24.584Z"}
{"level":"info","message":"Connected to redis","timestamp":"2026-07-05T18:16:54.935Z"}
{"level":"info","message":"Server started on port 3002","timestamp":"2026-07-05T18:16:54.942Z"}
{"level":"info","message":"Connected to redis","timestamp":"2026-07-05T18:17:07.125Z"}
{"level":"info","message":"Server started on port 3002","timestamp":"2026-07-05T18:17:07.177Z"}
{"level":"info","message":"Connected to redis","timestamp":"2026-07-05T18:18:43.489Z"}
{"level":"info","message":"Server started on port 3002","timestamp":"2026-07-05T18:18:43.494Z"}
{"level":"info","message":"Connected to redis","timestamp":"2026-07-05T18:21:58.164Z"}
{"level":"info","message":"Server started on port 3002","timestamp":"2026-07-05T18:21:58.196Z"}
{"level":"info","message":"Connected to redis","timestamp":"2026-07-05T18:30:08.954Z"}
{"level":"info","message":"Server started on port 3002","timestamp":"2026-07-05T18:30:08.998Z"}
{"level":"info","message":"Connected to redis","timestamp":"2026-07-05T18:38:11.780Z"}
{"level":"info","message":"Server started on port 3002","timestamp":"2026-07-05T18:38:11.787Z"}
{"level":"info","message":"Connected to redis","timestamp":"2026-07-05T18:39:49.775Z"}
{"level":"info","message":"Server started on port 3002","timestamp":"2026-07-05T18:39:49.782Z"}
{"level":"info","message":"Connected to redis","timestamp":"2026-07-05T18:42:47.363Z"}
{"level":"info","message":"Server started on port 3002","timestamp":"2026-07-05T18:42:47.400Z"}
{"level":"info","message":"Connected to redis","timestamp":"2026-07-05T18:48:36.244Z"}
{"level":"info","message":"Server started on port 3002","timestamp":"2026-07-05T18:48:36.275Z"}
{"level":"info","message":"Connected to redis","timestamp":"2026-07-05T18:49:17.679Z"}
{"level":"info","message":"Server started on port 3002","timestamp":"2026-07-05T18:49:17.685Z"}
{"level":"info","message":"Connected to redis","timestamp":"2026-07-05T18:50:59.702Z"}
{"level":"info","message":"Server started on port 3002","timestamp":"2026-07-05T18:50:59.708Z"}
{"level":"info","message":"Connected to redis","timestamp":"2026-07-05T18:51:53.079Z"}
{"level":"info","message":"Server started on port 3002","timestamp":"2026-07-05T18:51:53.084Z"}
{"level":"info","message":"Connected to redis","timestamp":"2026-07-05T18:57:51.485Z"}
{"level":"info","message":"Server started on port 3002","timestamp":"2026-07-05T18:57:51.510Z"}
{"level":"info","message":"Connected to redis","timestamp":"2026-07-05T18:59:07.512Z"}
{"level":"info","message":"Server started on port 3002","timestamp":"2026-07-05T18:59:07.536Z"}
{"level":"info","message":"Connected to redis","timestamp":"2026-07-05T18:59:26.632Z"}
{"level":"info","message":"Server started on port 3002","timestamp":"2026-07-05T18:59:26.670Z"}
{"level":"info","message":"Connected to redis","timestamp":"2026-07-05T19:02:55.552Z"}
{"level":"info","message":"Server started on port 3002","timestamp":"2026-07-05T19:02:55.558Z"}
{"level":"info","message":"Connected to redis","timestamp":"2026-07-05T19:11:49.386Z"}
{"level":"info","message":"Server started on port 3002","timestamp":"2026-07-05T19:11:49.917Z"}
{"level":"info","message":"Connected to redis","timestamp":"2026-07-05T19:24:32.697Z"}
{"level":"info","message":"Server started on port 3002","timestamp":"2026-07-05T19:24:32.731Z"}
{"level":"info","message":"Connected to redis","timestamp":"2026-07-05T19:25:24.507Z"}
{"level":"info","message":"Server started on port 3002","timestamp":"2026-07-05T19:25:24.543Z"}
{"level":"info","message":"Connected to redis","timestamp":"2026-07-08T16:01:53.944Z"}
{"level":"info","message":"Server started on port 3002","timestamp":"2026-07-08T16:01:53.960Z"}
{"level":"info","message":"Connected to redis","timestamp":"2026-07-08T16:25:30.993Z"}
{"level":"info","message":"Server started on port 3002","timestamp":"2026-07-08T16:25:31.027Z"}
{"level":"info","message":"Connected to redis","timestamp":"2026-07-08T16:33:13.099Z"}
{"level":"info","message":"Server started on port 3002","timestamp":"2026-07-08T16:33:13.105Z"}
{"level":"info","message":"Connected to redis","timestamp":"2026-07-08T16:34:16.806Z"}
{"level":"info","message":"Server started on port 3002","timestamp":"2026-07-08T16:34:16.812Z"}
{"level":"info","message":"Connected to redis","timestamp":"2026-07-14T17:02:33.975Z"}
{"level":"info","message":"Connected to database","timestamp":"2026-07-14T17:02:33.977Z"}
{"level":"info","message":"Server started on port 3002","timestamp":"2026-07-14T17:02:33.982Z"}
{"level":"info","message":"Connected to redis","timestamp":"2026-07-14T17:02:42.415Z"}
{"level":"info","message":"Connected to redis","timestamp":"2026-07-14T17:03:53.712Z"}
{"level":"info","message":"Connected to database","timestamp":"2026-07-14T17:03:53.715Z"}
{"level":"info","message":"Server started on port 3003","timestamp":"2026-07-14T17:03:53.719Z"}
{"level":"info","message":"Connected to redis","timestamp":"2026-07-14T17:06:54.606Z"}
{"level":"info","message":"Connected to database","timestamp":"2026-07-14T17:06:54.633Z"}
{"level":"info","message":"Server started on port 3003","timestamp":"2026-07-14T17:06:54.652Z"}
{"level":"info","message":"Connected to redis","timestamp":"2026-07-14T17:08:06.580Z"}
{"level":"info","message":"Connected to database","timestamp":"2026-07-14T17:08:06.584Z"}
{"level":"info","message":"Server started on port 3003","timestamp":"2026-07-14T17:08:06.586Z"}
{"level":"info","message":"Connected to redis","timestamp":"2026-07-14T17:08:55.335Z"}
{"level":"info","message":"Connected to database","timestamp":"2026-07-14T17:08:55.338Z"}
{"level":"info","message":"Server started on port 3003","timestamp":"2026-07-14T17:08:55.340Z"}
{"level":"info","message":"Connected to redis","timestamp":"2026-07-14T17:30:42.466Z"}
{"level":"info","message":"Connected to database","timestamp":"2026-07-14T17:30:42.469Z"}
{"level":"info","message":"Server started on port 3003","timestamp":"2026-07-14T17:30:42.471Z"}
{"level":"info","message":"Connected to redis","timestamp":"2026-07-14T17:32:03.892Z"}
{"level":"info","message":"Connected to database","timestamp":"2026-07-14T17:32:03.895Z"}
{"level":"info","message":"Server started on port 3003","timestamp":"2026-07-14T17:32:03.898Z"}
{"level":"info","message":"Connected to redis","timestamp":"2026-07-14T17:34:36.962Z"}
{"level":"info","message":"Connected to database","timestamp":"2026-07-14T17:34:36.965Z"}
{"level":"info","message":"Server started on port 3003","timestamp":"2026-07-14T17:34:36.967Z"}
{"level":"info","message":"Connected to redis","timestamp":"2026-07-14T17:39:51.270Z"}
{"level":"info","message":"Connected to database","timestamp":"2026-07-14T17:39:51.278Z"}
{"level":"info","message":"Server started on port 3003","timestamp":"2026-07-14T17:39:51.288Z"}
{"level":"error","message":"Redis error: Error: read ECONNRESET","timestamp":"2026-07-14T18:20:57.519Z"}
{"level":"error","message":"Redis error: Error: getaddrinfo ENOTFOUND redis-16056.c232.us-east-1-2.ec2.cloud.redislabs.com","timestamp":"2026-07-14T18:20:57.994Z"}
{"level":"error","message":"Redis error: Error: getaddrinfo ENOTFOUND redis-16056.c232.us-east-1-2.ec2.cloud.redislabs.com","timestamp":"2026-07-14T18:20:58.234Z"}
{"level":"error","message":"Redis error: Error: getaddrinfo ENOTFOUND redis-16056.c232.us-east-1-2.ec2.cloud.redislabs.com","timestamp":"2026-07-14T18:20:58.506Z"}
{"level":"error","message":"Redis error: Error: getaddrinfo ENOTFOUND redis-16056.c232.us-east-1-2.ec2.cloud.redislabs.com","timestamp":"2026-07-14T18:20:58.900Z"}
{"level":"error","message":"Redis error: Error: read ECONNRESET","timestamp":"2026-07-14T18:20:58.886Z"}
{"level":"error","message":"Redis error: Error: getaddrinfo ENOTFOUND redis-16056.c232.us-east-1-2.ec2.cloud.redislabs.com","timestamp":"2026-07-14T18:20:59.079Z"}
{"level":"error","message":"Redis error: Error: getaddrinfo ENOTFOUND redis-16056.c232.us-east-1-2.ec2.cloud.redislabs.com","timestamp":"2026-07-14T18:20:59.338Z"}
{"level":"error","message":"Redis error: Error: getaddrinfo ENOTFOUND redis-16056.c232.us-east-1-2.ec2.cloud.redislabs.com","timestamp":"2026-07-14T18:20:59.463Z"}
{"level":"error","message":"Redis error: Error: getaddrinfo ENOTFOUND redis-16056.c232.us-east-1-2.ec2.cloud.redislabs.com","timestamp":"2026-07-14T18:20:59.568Z"}
{"level":"error","message":"Redis error: Error: getaddrinfo ENOTFOUND redis-16056.c232.us-east-1-2.ec2.cloud.redislabs.com","timestamp":"2026-07-14T18:22:12.972Z"}
{"level":"error","message":"Redis error: Error: getaddrinfo ENOTFOUND redis-16056.c232.us-east-1-2.ec2.cloud.redislabs.com","timestamp":"2026-07-14T18:22:12.971Z"}
{"level":"error","message":"Redis error: Error: getaddrinfo ENOTFOUND redis-16056.c232.us-east-1-2.ec2.cloud.redislabs.com","timestamp":"2026-07-14T18:22:13.638Z"}
{"level":"info","message":"Connected to redis","timestamp":"2026-07-14T18:49:27.436Z"}
{"level":"info","message":"Connected to redis","timestamp":"2026-07-14T18:50:12.230Z"}
{"level":"info","message":"Connected to database","timestamp":"2026-07-14T18:50:12.234Z"}
{"level":"info","message":"Server started on port 3000","timestamp":"2026-07-14T18:50:12.237Z"}
{"level":"info","message":"Connected to redis","timestamp":"2026-07-14T18:50:19.672Z"}
{"level":"info","message":"Connected to redis","timestamp":"2026-07-14T18:53:52.032Z"}
{"level":"info","message":"Connected to redis","timestamp":"2026-07-14T18:57:08.766Z"}
{"level":"info","message":"Connected to redis","timestamp":"2026-07-14T19:00:40.634Z"}
{"level":"info","message":"Connected to redis","timestamp":"2026-07-14T19:03:29.741Z"}
{"level":"info","message":"Connected to database","timestamp":"2026-07-14T19:03:29.745Z"}
{"level":"info","message":"Server started on port 3002","timestamp":"2026-07-14T19:03:29.748Z"}
