{"level":"info","message":"Database Connected!","timestamp":"2026-07-01T23:49:11.435Z"}
{"level":"info","message":"Server started on port 3002","timestamp":"2026-07-01T23:49:11.441Z"}
{"level":"info","message":"Database Connected!","timestamp":"2026-07-01T23:52:14.703Z"}
{"level":"info","message":"Server started on port 3002","timestamp":"2026-07-01T23:52:14.718Z"}
{"level":"info","message":"Database Connected!","timestamp":"2026-07-01T23:53:51.446Z"}
{"level":"info","message":"Server started on port 3002","timestamp":"2026-07-01T23:53:51.454Z"}
{"level":"info","message":"Database Connected!","timestamp":"2026-07-01T23:57:29.234Z"}
{"level":"info","message":"Server started on port 3002","timestamp":"2026-07-01T23:57:29.245Z"}
{"level":"info","message":"Database Connected!","timestamp":"2026-07-02T00:00:55.956Z"}
{"level":"info","message":"Server started on port 3002","timestamp":"2026-07-02T00:00:55.960Z"}
{"level":"info","message":"Database Connected!","timestamp":"2026-07-02T00:02:14.353Z"}
{"level":"info","message":"Server started on port 3002","timestamp":"2026-07-02T00:02:14.358Z"}
{"level":"info","message":"Database Connected!","timestamp":"2026-07-02T00:05:52.374Z"}
{"level":"info","message":"Server started on port 3002","timestamp":"2026-07-02T00:05:52.380Z"}
{"level":"info","message":"Database Connected!","timestamp":"2026-07-02T00:07:24.602Z"}
{"level":"info","message":"Server started on port 3002","timestamp":"2026-07-02T00:07:24.608Z"}
{"level":"info","message":"Database Connected!","timestamp":"2026-07-02T00:07:37.904Z"}
{"level":"info","message":"Server started on port 3002","timestamp":"2026-07-02T00:07:37.915Z"}
{"level":"info","message":"Database Connected!","timestamp":"2026-07-02T00:08:01.184Z"}
{"level":"info","message":"Server started on port 3002","timestamp":"2026-07-02T00:08:01.195Z"}
{"level":"info","message":"Database Connected!","timestamp":"2026-07-02T00:08:31.621Z"}
{"level":"info","message":"Server started on port 3002","timestamp":"2026-07-02T00:08:31.627Z"}
{"level":"info","message":"Database Connected!","timestamp":"2026-07-02T00:09:15.702Z"}
{"level":"info","message":"Server started on port 3002","timestamp":"2026-07-02T00:09:15.717Z"}
{"level":"error","message":"Error connecting to DB: TypeError: Cannot read properties of undefined (reading 'createClient')","timestamp":"2026-07-02T00:15:35.523Z"}
{"level":"error","message":"Error connecting to DB: TypeError: Cannot read properties of undefined (reading 'createClient')","timestamp":"2026-07-02T00:16:50.688Z"}
{"level":"error","message":"Error connecting to DB: TypeError: Cannot read properties of undefined (reading 'createClient')","timestamp":"2026-07-02T00:17:44.785Z"}
{"level":"error","message":"Error connecting to DB: TypeError: Cannot read properties of undefined (reading 'createClient')","timestamp":"2026-07-02T00:18:23.217Z"}
{"level":"info","message":"Connected to postgres!","timestamp":"2026-07-02T00:21:24.736Z"}
{"level":"info","message":"Connected to redis","timestamp":"2026-07-02T00:21:24.738Z"}
{"level":"info","message":"Server started on port 3002","timestamp":"2026-07-02T00:21:24.744Z"}
{"level":"info","message":"Connected to postgres!","timestamp":"2026-07-02T00:21:43.966Z"}
{"level":"info","message":"Connected to redis","timestamp":"2026-07-02T00:21:43.969Z"}
{"level":"info","message":"Server started on port 3002","timestamp":"2026-07-02T00:21:43.971Z"}
{"level":"info","message":"Connected to postgres!","timestamp":"2026-07-02T00:37:51.022Z"}
{"level":"info","message":"Connected to redis","timestamp":"2026-07-02T00:37:51.027Z"}
{"level":"info","message":"Server started on port 3002","timestamp":"2026-07-02T00:37:51.031Z"}
{"level":"info","message":"Connected to postgres!","timestamp":"2026-07-02T00:38:08.507Z"}
{"level":"info","message":"Connected to redis","timestamp":"2026-07-02T00:38:08.509Z"}
{"level":"info","message":"Server started on port 3002","timestamp":"2026-07-02T00:38:08.512Z"}
{"level":"info","message":"Connected to postgres!","timestamp":"2026-07-02T00:38:17.935Z"}
{"level":"info","message":"Connected to redis","timestamp":"2026-07-02T00:38:17.939Z"}
{"level":"info","message":"Server started on port 3002","timestamp":"2026-07-02T00:38:17.942Z"}
{"level":"info","message":"Connected to postgres!","timestamp":"2026-07-02T00:38:32.006Z"}
{"level":"info","message":"Connected to redis","timestamp":"2026-07-02T00:38:32.010Z"}
{"level":"info","message":"Server started on port 3002","timestamp":"2026-07-02T00:38:32.014Z"}
{"level":"info","message":"Connected to postgres!","timestamp":"2026-07-02T00:38:48.223Z"}
{"level":"info","message":"Connected to redis","timestamp":"2026-07-02T00:38:48.228Z"}
{"level":"info","message":"Server started on port 3002","timestamp":"2026-07-02T00:38:48.232Z"}
{"level":"info","message":"Connected to postgres!","timestamp":"2026-07-02T00:39:03.997Z"}
{"level":"info","message":"Connected to redis","timestamp":"2026-07-02T00:39:04.000Z"}
{"level":"info","message":"Server started on port 3002","timestamp":"2026-07-02T00:39:04.002Z"}
{"level":"info","message":"Connected to postgres!","timestamp":"2026-07-02T00:39:14.172Z"}
{"level":"info","message":"Connected to redis","timestamp":"2026-07-02T00:39:14.175Z"}
{"level":"info","message":"Server started on port 3002","timestamp":"2026-07-02T00:39:14.177Z"}
{"level":"info","message":"Connected to postgres!","timestamp":"2026-07-02T00:41:02.954Z"}
{"level":"info","message":"Connected to redis","timestamp":"2026-07-02T00:41:02.960Z"}
{"level":"info","message":"Server started on port 3002","timestamp":"2026-07-02T00:41:02.965Z"}
{"level":"info","message":"Connected to postgres!","timestamp":"2026-07-02T00:43:41.864Z"}
{"level":"info","message":"Connected to redis","timestamp":"2026-07-02T00:43:41.866Z"}
{"level":"info","message":"Server started on port 3002","timestamp":"2026-07-02T00:43:41.868Z"}
{"level":"info","message":"Connected to postgres!","timestamp":"2026-07-02T00:44:51.337Z"}
{"level":"info","message":"Connected to redis","timestamp":"2026-07-02T00:44:51.346Z"}
{"level":"info","message":"Server started on port 3002","timestamp":"2026-07-02T00:44:51.351Z"}
{"level":"info","message":"Connected to postgres!","timestamp":"2026-07-02T00:48:21.002Z"}
{"level":"info","message":"Connected to redis","timestamp":"2026-07-02T00:48:21.005Z"}
{"level":"info","message":"Server started on port 3002","timestamp":"2026-07-02T00:48:21.009Z"}
{"level":"info","message":"Connected to postgres!","timestamp":"2026-07-02T00:49:10.612Z"}
{"level":"info","message":"Connected to redis","timestamp":"2026-07-02T00:49:10.619Z"}
{"level":"info","message":"Server started on port 3002","timestamp":"2026-07-02T00:49:10.634Z"}
{"level":"info","message":"Connected to postgres!","timestamp":"2026-07-02T00:57:55.659Z"}
{"level":"info","message":"Connected to redis","timestamp":"2026-07-02T00:57:55.663Z"}
{"level":"info","message":"Server started on port 3002","timestamp":"2026-07-02T00:57:55.666Z"}
{"level":"info","message":"Connected to postgres!","timestamp":"2026-07-02T00:58:09.187Z"}
{"level":"info","message":"Connected to redis","timestamp":"2026-07-02T00:58:09.190Z"}
{"level":"info","message":"Server started on port 3002","timestamp":"2026-07-02T00:58:09.192Z"}
{"level":"info","message":"Connected to postgres!","timestamp":"2026-07-02T00:59:44.946Z"}
{"level":"info","message":"Connected to redis","timestamp":"2026-07-02T00:59:44.950Z"}
{"level":"info","message":"Server started on port 3002","timestamp":"2026-07-02T00:59:44.953Z"}
{"level":"info","message":"Connected to postgres!","timestamp":"2026-07-02T01:00:13.087Z"}
{"level":"info","message":"Connected to redis","timestamp":"2026-07-02T01:00:13.093Z"}
{"level":"info","message":"Server started on port 3002","timestamp":"2026-07-02T01:00:13.098Z"}
{"level":"info","message":"Connected to postgres!","timestamp":"2026-07-02T01:01:03.184Z"}
{"level":"info","message":"Connected to redis","timestamp":"2026-07-02T01:01:03.192Z"}
{"level":"info","message":"Server started on port 3002","timestamp":"2026-07-02T01:01:03.199Z"}
{"level":"info","message":"Connected to postgres!","timestamp":"2026-07-02T01:37:09.651Z"}
{"level":"info","message":"Connected to redis","timestamp":"2026-07-02T01:37:09.655Z"}
{"level":"info","message":"Server started on port 3002","timestamp":"2026-07-02T01:37:09.658Z"}
{"level":"info","message":"Connected to postgres!","timestamp":"2026-07-02T01:38:30.423Z"}
{"level":"info","message":"Connected to redis","timestamp":"2026-07-02T01:38:30.429Z"}
{"level":"info","message":"Server started on port 3002","timestamp":"2026-07-02T01:38:30.435Z"}
{"level":"info","message":"Connected to postgres!","timestamp":"2026-07-02T01:59:37.836Z"}
{"level":"info","message":"Connected to redis","timestamp":"2026-07-02T01:59:37.843Z"}
{"level":"info","message":"Server started on port 3002","timestamp":"2026-07-02T01:59:37.849Z"}
{"level":"info","message":"Connected to postgres!","timestamp":"2026-07-02T02:07:01.708Z"}
{"level":"info","message":"Connected to redis","timestamp":"2026-07-02T02:07:01.712Z"}
{"level":"info","message":"Server started on port 3002","timestamp":"2026-07-02T02:07:01.715Z"}
{"level":"info","message":"Connected to postgres!","timestamp":"2026-07-02T02:07:27.566Z"}
{"level":"info","message":"Connected to redis","timestamp":"2026-07-02T02:07:27.570Z"}
{"level":"info","message":"Server started on port 3002","timestamp":"2026-07-02T02:07:27.573Z"}
{"level":"info","message":"Connected to postgres!","timestamp":"2026-07-02T02:07:54.765Z"}
{"level":"info","message":"Connected to redis","timestamp":"2026-07-02T02:07:54.769Z"}
{"level":"info","message":"Server started on port 3002","timestamp":"2026-07-02T02:07:54.772Z"}
{"level":"info","message":"Connected to postgres!","timestamp":"2026-07-02T02:12:32.222Z"}
{"level":"info","message":"Connected to redis","timestamp":"2026-07-02T02:12:32.223Z"}
{"level":"info","message":"Server started on port 3002","timestamp":"2026-07-02T02:12:32.225Z"}
{"level":"info","message":"Connected to postgres!","timestamp":"2026-07-02T02:18:26.889Z"}
{"level":"info","message":"Connected to redis","timestamp":"2026-07-02T02:18:26.901Z"}
{"level":"info","message":"Server started on port 3002","timestamp":"2026-07-02T02:18:26.914Z"}
{"level":"info","message":"Connected to postgres!","timestamp":"2026-07-02T02:20:12.562Z"}
{"level":"info","message":"Connected to redis","timestamp":"2026-07-02T02:20:12.566Z"}
{"level":"info","message":"Server started on port 3002","timestamp":"2026-07-02T02:20:12.569Z"}
{"level":"info","message":"Connected to postgres!","timestamp":"2026-07-02T02:29:12.017Z"}
{"level":"info","message":"Connected to redis","timestamp":"2026-07-02T02:29:12.022Z"}
{"level":"info","message":"Server started on port 3002","timestamp":"2026-07-02T02:29:12.027Z"}
{"level":"info","message":"Connected to postgres!","timestamp":"2026-07-02T02:30:25.762Z"}
{"level":"info","message":"Connected to redis","timestamp":"2026-07-02T02:30:25.766Z"}
{"level":"info","message":"Server started on port 3002","timestamp":"2026-07-02T02:30:25.773Z"}
{"level":"info","message":"Connected to postgres!","timestamp":"2026-07-02T02:32:59.044Z"}
{"level":"info","message":"Connected to redis","timestamp":"2026-07-02T02:32:59.048Z"}
{"level":"info","message":"Server started on port 3002","timestamp":"2026-07-02T02:32:59.051Z"}
{"level":"info","message":"Connected to postgres!","timestamp":"2026-07-02T02:33:22.416Z"}
{"level":"info","message":"Connected to redis","timestamp":"2026-07-02T02:33:22.423Z"}
{"level":"info","message":"Server started on port 3002","timestamp":"2026-07-02T02:33:22.429Z"}
{"level":"info","message":"Connected to postgres!","timestamp":"2026-07-02T02:33:36.090Z"}
{"level":"info","message":"Connected to redis","timestamp":"2026-07-02T02:33:36.094Z"}
{"level":"info","message":"Server started on port 3002","timestamp":"2026-07-02T02:33:36.097Z"}
{"level":"info","message":"Connected to postgres!","timestamp":"2026-07-02T02:33:53.997Z"}
{"level":"info","message":"Connected to redis","timestamp":"2026-07-02T02:33:54.006Z"}
{"level":"info","message":"Server started on port 3002","timestamp":"2026-07-02T02:33:54.015Z"}
{"level":"info","message":"Connected to postgres!","timestamp":"2026-07-02T02:34:25.038Z"}
{"level":"info","message":"Connected to redis","timestamp":"2026-07-02T02:34:25.042Z"}
{"level":"info","message":"Server started on port 3002","timestamp":"2026-07-02T02:34:25.045Z"}
{"level":"info","message":"Connected to postgres!","timestamp":"2026-07-02T02:34:25.068Z"}
{"level":"info","message":"Connected to postgres!","timestamp":"2026-07-02T02:38:56.341Z"}
{"level":"info","message":"Connected to redis","timestamp":"2026-07-02T02:38:56.345Z"}
{"level":"info","message":"Server started on port 3002","timestamp":"2026-07-02T02:38:56.348Z"}
{"level":"info","message":"Connected to postgres!","timestamp":"2026-07-02T02:41:23.478Z"}
{"level":"info","message":"Connected to redis","timestamp":"2026-07-02T02:41:23.483Z"}
{"level":"info","message":"Server started on port 3002","timestamp":"2026-07-02T02:41:23.502Z"}
{"level":"info","message":"Connected to postgres!","timestamp":"2026-07-02T02:42:15.535Z"}
{"level":"info","message":"Connected to redis","timestamp":"2026-07-02T02:42:15.539Z"}
{"level":"info","message":"Server started on port 3002","timestamp":"2026-07-02T02:42:15.542Z"}
{"level":"info","message":"Connected to postgres!","timestamp":"2026-07-02T02:45:10.787Z"}
{"level":"info","message":"Connected to redis","timestamp":"2026-07-02T02:45:10.791Z"}
{"level":"info","message":"Server started on port 3002","timestamp":"2026-07-02T02:45:10.794Z"}
{"level":"info","message":"Connected to postgres!","timestamp":"2026-07-02T02:48:58.611Z"}
{"level":"info","message":"Connected to redis","timestamp":"2026-07-02T02:48:58.617Z"}
{"level":"info","message":"Server started on port 3002","timestamp":"2026-07-02T02:48:58.623Z"}
{"level":"info","message":"Connected to postgres!","timestamp":"2026-07-02T03:04:30.399Z"}
{"level":"info","message":"Connected to redis","timestamp":"2026-07-02T03:04:30.401Z"}
{"level":"info","message":"Server started on port 3002","timestamp":"2026-07-02T03:04:30.402Z"}
{"level":"info","message":"Connected to postgres!","timestamp":"2026-07-02T03:04:36.338Z"}
{"level":"info","message":"Connected to redis","timestamp":"2026-07-02T03:04:36.342Z"}
{"level":"info","message":"Server started on port 3002","timestamp":"2026-07-02T03:04:36.346Z"}
{"level":"info","message":"Connected to postgres!","timestamp":"2026-07-02T03:05:32.402Z"}
{"level":"info","message":"Connected to redis","timestamp":"2026-07-02T03:05:32.406Z"}
{"level":"info","message":"Server started on port 3002","timestamp":"2026-07-02T03:05:32.409Z"}
{"level":"info","message":"Connected to postgres!","timestamp":"2026-07-02T03:05:47.555Z"}
{"level":"info","message":"Connected to redis","timestamp":"2026-07-02T03:05:47.561Z"}
{"level":"info","message":"Server started on port 3002","timestamp":"2026-07-02T03:05:47.567Z"}
{"level":"info","message":"Connected to postgres!","timestamp":"2026-07-02T03:13:47.274Z"}
{"level":"info","message":"Connected to redis","timestamp":"2026-07-02T03:13:47.278Z"}
{"level":"info","message":"Server started on port 3002","timestamp":"2026-07-02T03:13:47.281Z"}
{"level":"info","message":"Connected to redis","timestamp":"2026-07-04T00:51:40.779Z"}
{"level":"info","message":"Server started on port 3002","timestamp":"2026-07-04T00:51:40.784Z"}
{"level":"info","message":"Connected to redis","timestamp":"2026-07-05T15:02:38.365Z"}
{"level":"info","message":"Server started on port 3002","timestamp":"2026-07-05T15:02:38.369Z"}
{"level":"info","message":"Connected to redis","timestamp":"2026-07-05T15:11:37.705Z"}
{"level":"info","message":"Server started on port 3002","timestamp":"2026-07-05T15:11:37.770Z"}
{"level":"info","message":"Connected to redis","timestamp":"2026-07-05T15:40:52.745Z"}
{"level":"info","message":"Server started on port 3002","timestamp":"2026-07-05T15:40:52.782Z"}
{"level":"info","message":"Connected to redis","timestamp":"2026-07-05T15:44:18.891Z"}
{"level":"info","message":"Server started on port 3002","timestamp":"2026-07-05T15:44:18.898Z"}
{"level":"info","message":"Connected to redis","timestamp":"2026-07-05T15:44:32.098Z"}
{"level":"info","message":"Server started on port 3002","timestamp":"2026-07-05T15:44:32.102Z"}
{"level":"info","message":"Connected to redis","timestamp":"2026-07-05T15:45:39.438Z"}
{"level":"info","message":"Server started on port 3002","timestamp":"2026-07-05T15:45:39.557Z"}
{"level":"info","message":"Connected to redis","timestamp":"2026-07-05T15:46:43.930Z"}
{"level":"info","message":"Server started on port 3002","timestamp":"2026-07-05T15:46:43.952Z"}
{"level":"info","message":"Connected to redis","timestamp":"2026-07-05T15:58:44.500Z"}
{"level":"info","message":"Server started on port 3002","timestamp":"2026-07-05T15:58:44.530Z"}
{"level":"info","message":"Connected to redis","timestamp":"2026-07-05T16:13:05.391Z"}
{"level":"info","message":"Server started on port 3002","timestamp":"2026-07-05T16:13:05.398Z"}
{"level":"info","message":"Connected to redis","timestamp":"2026-07-05T16:13:55.130Z"}
{"level":"info","message":"Server started on port 3002","timestamp":"2026-07-05T16:13:55.136Z"}
{"level":"info","message":"Connected to redis","timestamp":"2026-07-05T16:15:34.868Z"}
{"level":"info","message":"Server started on port 3002","timestamp":"2026-07-05T16:15:34.872Z"}
{"level":"info","message":"Connected to redis","timestamp":"2026-07-05T16:32:23.653Z"}
{"level":"info","message":"Server started on port 3002","timestamp":"2026-07-05T16:32:23.658Z"}
{"level":"info","message":"Connected to redis","timestamp":"2026-07-05T16:32:55.260Z"}
{"level":"info","message":"Server started on port 3002","timestamp":"2026-07-05T16:32:55.266Z"}
{"level":"info","message":"Connected to redis","timestamp":"2026-07-05T16:41:50.592Z"}
{"level":"info","message":"Server started on port 3002","timestamp":"2026-07-05T16:41:50.602Z"}
{"level":"info","message":"Connected to redis","timestamp":"2026-07-05T16:43:35.474Z"}
{"level":"info","message":"Server started on port 3002","timestamp":"2026-07-05T16:43:35.480Z"}
{"level":"info","message":"Connected to redis","timestamp":"2026-07-05T16:44:16.183Z"}
{"level":"info","message":"Server started on port 3002","timestamp":"2026-07-05T16:44:16.189Z"}
{"level":"info","message":"Connected to redis","timestamp":"2026-07-05T16:46:44.507Z"}
{"level":"info","message":"Server started on port 3002","timestamp":"2026-07-05T16:46:44.512Z"}
{"level":"info","message":"Connected to redis","timestamp":"2026-07-05T16:59:33.424Z"}
{"level":"info","message":"Server started on port 3002","timestamp":"2026-07-05T16:59:33.430Z"}
{"level":"info","message":"Connected to redis","timestamp":"2026-07-05T17:13:47.073Z"}
{"level":"info","message":"Server started on port 3002","timestamp":"2026-07-05T17:13:47.081Z"}
{"level":"info","message":"Connected to redis","timestamp":"2026-07-05T17:31:40.407Z"}
{"level":"info","message":"Server started on port 3002","timestamp":"2026-07-05T17:31:40.413Z"}
{"level":"info","message":"Connected to redis","timestamp":"2026-07-05T17:35:16.038Z"}
{"level":"info","message":"Server started on port 3002","timestamp":"2026-07-05T17:35:16.075Z"}
{"level":"info","message":"Connected to redis","timestamp":"2026-07-05T17:37:07.267Z"}
{"level":"info","message":"Server started on port 3002","timestamp":"2026-07-05T17:37:07.299Z"}
{"level":"info","message":"Connected to redis","timestamp":"2026-07-05T17:38:31.733Z"}
{"level":"info","message":"Server started on port 3002","timestamp":"2026-07-05T17:38:31.743Z"}
{"level":"info","message":"Connected to redis","timestamp":"2026-07-05T17:45:50.528Z"}
{"level":"info","message":"Server started on port 3002","timestamp":"2026-07-05T17:45:50.534Z"}
{"level":"info","message":"Connected to redis","timestamp":"2026-07-05T17:49:11.745Z"}
{"level":"info","message":"Server started on port 3002","timestamp":"2026-07-05T17:49:11.751Z"}
{"level":"info","message":"Connected to redis","timestamp":"2026-07-05T17:49:31.200Z"}
{"level":"info","message":"Server started on port 3002","timestamp":"2026-07-05T17:49:31.205Z"}
{"level":"info","message":"Connected to redis","timestamp":"2026-07-05T17:50:08.128Z"}
{"level":"info","message":"Server started on port 3002","timestamp":"2026-07-05T17:50:08.160Z"}
{"level":"info","message":"Connected to redis","timestamp":"2026-07-05T17:55:09.839Z"}
{"level":"info","message":"Server started on port 3002","timestamp":"2026-07-05T17:55:09.846Z"}
