{"error":{"code":"EAUTH","command":"API"},"level":"error","message":"Error sending email to Tlou Chauke!","timestamp":"2026-06-29T17:31:05.564Z"}
{"error":{"code":"EAUTH","command":"API"},"level":"error","message":"Error sending email to Tumisang Mahlangu!","timestamp":"2026-06-29T17:31:05.570Z"}
{"error":{"code":"EAUTH","command":"API"},"level":"error","message":"Error sending email to Selaelo Mashalane!","timestamp":"2026-06-29T17:31:05.571Z"}
{"error":{"code":"EAUTH","command":"API"},"level":"error","message":"Error sending email to Tlou Chauke!","timestamp":"2026-06-29T18:14:49.986Z"}
{"error":{"code":"EAUTH","command":"API"},"level":"error","message":"Error sending email to Tumisang Mahlangu!","timestamp":"2026-06-29T18:14:50.231Z"}
{"error":{"code":"EAUTH","command":"API"},"level":"error","message":"Error sending email to Selaelo Mashalane!","timestamp":"2026-06-29T18:14:50.232Z"}
{"error":{"code":"EAUTH","command":"API"},"level":"error","message":"Error sending email to Selaelo Mashalane!","timestamp":"2026-06-29T18:17:33.371Z"}
{"error":{"code":"EAUTH","command":"API"},"level":"error","message":"Error sending email to Tlou Chauke!","timestamp":"2026-06-29T18:17:33.585Z"}
{"error":{"code":"EAUTH","command":"API"},"level":"error","message":"Error sending email to Tumisang Mahlangu!","timestamp":"2026-06-29T18:17:33.594Z"}
{"error":{"code":"EAUTH","command":"API"},"level":"error","message":"Error sending email to Selaelo Mashalane!","timestamp":"2026-06-29T18:18:43.641Z"}
{"error":{"code":"EAUTH","command":"API"},"level":"error","message":"Error sending email to Tlou Chauke!","timestamp":"2026-06-29T18:18:43.670Z"}
{"error":{"code":"EAUTH","command":"API"},"level":"error","message":"Error sending email to Tumisang Mahlangu!","timestamp":"2026-06-29T18:18:43.712Z"}
{"error":{"code":"EAUTH","command":"API"},"level":"error","message":"Error sending email to Tlou Elvis Chauke!","timestamp":"2026-06-29T18:20:12.200Z"}
{"level":"error","message":"Error sending email to Tlou Elvis Chauke!, Error: Missing credentials for \"PLAIN\"","timestamp":"2026-06-29T18:22:48.780Z"}
{"level":"error","message":"Error sending email to Tlou Elvis Chauke!, Error: Missing credentials for \"PLAIN\"","timestamp":"2026-06-29T18:24:42.735Z"}
{"level":"error","message":"Error sending email to Tlou Elvis Chauke!, Error: Missing credentials for \"PLAIN\"","timestamp":"2026-06-29T18:25:41.604Z"}
{"level":"error","message":"Error sending email to Tlou Elvis Chauke!, Error: Missing credentials for \"PLAIN\"","timestamp":"2026-06-29T18:28:19.043Z"}
{"level":"error","message":"Error sending email to Tlou Elvis Chauke!, Error: Missing credentials for \"PLAIN\"","timestamp":"2026-06-29T18:29:05.961Z"}
{"level":"error","message":"Error sending email to Tlou Elvis Chauke!, Error: Missing credentials for \"PLAIN\"","timestamp":"2026-06-29T18:29:39.595Z"}
{"level":"error","message":"Error sending email to Tlou Elvis Chauke!, Error: Missing credentials for \"PLAIN\"","timestamp":"2026-06-29T18:30:51.393Z"}
{"level":"error","message":"Error sending email to Tlou Elvis Chauke!, Error: Missing credentials for \"PLAIN\"","timestamp":"2026-06-29T18:32:54.753Z"}
{"level":"error","message":"Error sending email to Tlou Elvis Chauke!, Error: Missing credentials for \"PLAIN\"","timestamp":"2026-06-29T18:34:01.707Z"}
{"level":"error","message":"Error sending email to Tlou Elvis Chauke!, Error: Missing credentials for \"PLAIN\"","timestamp":"2026-06-29T18:35:06.105Z"}
{"level":"error","message":"Error sending email to Tlou Elvis Chauke!, Error: Missing credentials for \"PLAIN\"","timestamp":"2026-06-29T18:35:30.991Z"}
{"level":"info","message":"Successfully sent email to Tlou Elvis Chauke!","timestamp":"2026-06-29T18:35:59.089Z"}
{"error":{"code":"EENVELOPE","command":"API"},"level":"error","message":"Error sending email to Tumisang Mahlangu!","timestamp":"2026-06-29T18:37:47.967Z"}
{"level":"info","message":"Successfully sent email to Selaelo Mashalane!","timestamp":"2026-06-29T18:37:49.373Z"}
{"level":"info","message":"Successfully sent email to Tlou Chauke!","timestamp":"2026-06-29T18:37:50.175Z"}
{"error":{"code":"EAUTH","command":"API"},"level":"error","message":"Error sending email to Selaelo Mashalane!","timestamp":"2026-06-29T18:41:40.009Z"}
{"error":{"code":"EAUTH","command":"API"},"level":"error","message":"Error sending email to Tumisang Mahlangu!","timestamp":"2026-06-29T18:41:40.017Z"}
{"error":{"code":"EAUTH","command":"API"},"level":"error","message":"Error sending email to Tlou Chauke!","timestamp":"2026-06-29T18:41:40.018Z"}
{"error":{"code":"EAUTH","command":"API"},"level":"error","message":"Error sending email to Tlou Chauke!","timestamp":"2026-06-29T18:45:47.231Z"}
{"error":{"code":"EAUTH","command":"API"},"level":"error","message":"Error sending email to Selaelo Mashalane!","timestamp":"2026-06-29T18:45:47.245Z"}
{"error":{"code":"EAUTH","command":"API"},"level":"error","message":"Error sending email to Tumisang Mahlangu!","timestamp":"2026-06-29T18:45:47.438Z"}
{"level":"info","message":"Successfully sent email to Tlou Chauke!","timestamp":"2026-06-29T18:48:27.672Z"}
{"level":"info","message":"Successfully sent email to Tumisang Mahlangu!","timestamp":"2026-06-29T18:48:27.927Z"}
{"level":"info","message":"Successfully sent email to Selaelo Mashalane!","timestamp":"2026-06-29T18:48:28.090Z"}
